                                      1 ;--------------------------------------------------------
                                      2 ; File Created by SDCC : free open source ANSI-C Compiler
                                      3 ; Version 3.5.0 #9253 (Apr  3 2018) (Linux)
                                      4 ; This file was generated Wed Jul 18 12:39:08 2018
                                      5 ;--------------------------------------------------------
                                      6 	.module mem
                                      7 	.optsdcc -mmcs51 --model-small
                                      8 	
                                      9 ;--------------------------------------------------------
                                     10 ; Public variables in this module
                                     11 ;--------------------------------------------------------
                                     12 	.globl _TF2
                                     13 	.globl _EXF2
                                     14 	.globl _RCLK
                                     15 	.globl _TCLK
                                     16 	.globl _EXEN2
                                     17 	.globl _TR2
                                     18 	.globl _CT2
                                     19 	.globl _CPRL2
                                     20 	.globl _P4_0
                                     21 	.globl _P4_1
                                     22 	.globl _P4_2
                                     23 	.globl _P4_3
                                     24 	.globl _PX3
                                     25 	.globl _EX3
                                     26 	.globl _IE3
                                     27 	.globl _IT3
                                     28 	.globl _PX2
                                     29 	.globl _EX2
                                     30 	.globl _IE2
                                     31 	.globl _IT2
                                     32 	.globl _CY
                                     33 	.globl _AC
                                     34 	.globl _F0
                                     35 	.globl _RS1
                                     36 	.globl _RS0
                                     37 	.globl _OV
                                     38 	.globl _F1
                                     39 	.globl _P
                                     40 	.globl _PS
                                     41 	.globl _PT1
                                     42 	.globl _PX1
                                     43 	.globl _PT0
                                     44 	.globl _PX0
                                     45 	.globl _RD
                                     46 	.globl _WR
                                     47 	.globl _T1
                                     48 	.globl _T0
                                     49 	.globl _INT1
                                     50 	.globl _INT0
                                     51 	.globl _TXD
                                     52 	.globl _RXD
                                     53 	.globl _P3_7
                                     54 	.globl _P3_6
                                     55 	.globl _P3_5
                                     56 	.globl _P3_4
                                     57 	.globl _P3_3
                                     58 	.globl _P3_2
                                     59 	.globl _P3_1
                                     60 	.globl _P3_0
                                     61 	.globl _EA
                                     62 	.globl _ES
                                     63 	.globl _ET1
                                     64 	.globl _EX1
                                     65 	.globl _ET0
                                     66 	.globl _EX0
                                     67 	.globl _P2_7
                                     68 	.globl _P2_6
                                     69 	.globl _P2_5
                                     70 	.globl _P2_4
                                     71 	.globl _P2_3
                                     72 	.globl _P2_2
                                     73 	.globl _P2_1
                                     74 	.globl _P2_0
                                     75 	.globl _SM0
                                     76 	.globl _SM1
                                     77 	.globl _SM2
                                     78 	.globl _REN
                                     79 	.globl _TB8
                                     80 	.globl _RB8
                                     81 	.globl _TI
                                     82 	.globl _RI
                                     83 	.globl _P1_7
                                     84 	.globl _P1_6
                                     85 	.globl _P1_5
                                     86 	.globl _P1_4
                                     87 	.globl _P1_3
                                     88 	.globl _P1_2
                                     89 	.globl _P1_1
                                     90 	.globl _P1_0
                                     91 	.globl _TF1
                                     92 	.globl _TR1
                                     93 	.globl _TF0
                                     94 	.globl _TR0
                                     95 	.globl _IE1
                                     96 	.globl _IT1
                                     97 	.globl _IE0
                                     98 	.globl _IT0
                                     99 	.globl _P0_7
                                    100 	.globl _P0_6
                                    101 	.globl _P0_5
                                    102 	.globl _P0_4
                                    103 	.globl _P0_3
                                    104 	.globl _P0_2
                                    105 	.globl _P0_1
                                    106 	.globl _P0_0
                                    107 	.globl _P4
                                    108 	.globl _ISP_CONTR
                                    109 	.globl _ISP_TRIG
                                    110 	.globl _ISP_CMD
                                    111 	.globl _ISP_ADDRL
                                    112 	.globl _ISP_ADDRH
                                    113 	.globl _ISP_DATA
                                    114 	.globl _WDT_CONTR
                                    115 	.globl _TH2
                                    116 	.globl _TL2
                                    117 	.globl _RCAP2H
                                    118 	.globl _RCAP2L
                                    119 	.globl _T2MOD
                                    120 	.globl _T2CON
                                    121 	.globl _XICON
                                    122 	.globl _IPH
                                    123 	.globl _SADDR1
                                    124 	.globl _AUXR1
                                    125 	.globl _AUXR
                                    126 	.globl _B
                                    127 	.globl _ACC
                                    128 	.globl _PSW
                                    129 	.globl _IP
                                    130 	.globl _P3
                                    131 	.globl _IE
                                    132 	.globl _P2
                                    133 	.globl _SBUF
                                    134 	.globl _SCON
                                    135 	.globl _P1
                                    136 	.globl _TH1
                                    137 	.globl _TH0
                                    138 	.globl _TL1
                                    139 	.globl _TL0
                                    140 	.globl _TMOD
                                    141 	.globl _TCON
                                    142 	.globl _PCON
                                    143 	.globl _DPH
                                    144 	.globl _DPL
                                    145 	.globl _SP
                                    146 	.globl _P0
                                    147 	.globl _MEM_cmd_Ale
                                    148 	.globl _MEM_cmd_internalExtendedRam
                                    149 ;--------------------------------------------------------
                                    150 ; special function registers
                                    151 ;--------------------------------------------------------
                                    152 	.area RSEG    (ABS,DATA)
      000000                        153 	.org 0x0000
                           000080   154 _P0	=	0x0080
                           000081   155 _SP	=	0x0081
                           000082   156 _DPL	=	0x0082
                           000083   157 _DPH	=	0x0083
                           000087   158 _PCON	=	0x0087
                           000088   159 _TCON	=	0x0088
                           000089   160 _TMOD	=	0x0089
                           00008A   161 _TL0	=	0x008a
                           00008B   162 _TL1	=	0x008b
                           00008C   163 _TH0	=	0x008c
                           00008D   164 _TH1	=	0x008d
                           000090   165 _P1	=	0x0090
                           000098   166 _SCON	=	0x0098
                           000099   167 _SBUF	=	0x0099
                           0000A0   168 _P2	=	0x00a0
                           0000A8   169 _IE	=	0x00a8
                           0000B0   170 _P3	=	0x00b0
                           0000B8   171 _IP	=	0x00b8
                           0000D0   172 _PSW	=	0x00d0
                           0000E0   173 _ACC	=	0x00e0
                           0000F0   174 _B	=	0x00f0
                           00008E   175 _AUXR	=	0x008e
                           0000A2   176 _AUXR1	=	0x00a2
                           0000A9   177 _SADDR1	=	0x00a9
                           0000B7   178 _IPH	=	0x00b7
                           0000C0   179 _XICON	=	0x00c0
                           0000C8   180 _T2CON	=	0x00c8
                           0000C9   181 _T2MOD	=	0x00c9
                           0000CA   182 _RCAP2L	=	0x00ca
                           0000CB   183 _RCAP2H	=	0x00cb
                           0000CC   184 _TL2	=	0x00cc
                           0000CD   185 _TH2	=	0x00cd
                           0000E1   186 _WDT_CONTR	=	0x00e1
                           0000E2   187 _ISP_DATA	=	0x00e2
                           0000E3   188 _ISP_ADDRH	=	0x00e3
                           0000E4   189 _ISP_ADDRL	=	0x00e4
                           0000E5   190 _ISP_CMD	=	0x00e5
                           0000E6   191 _ISP_TRIG	=	0x00e6
                           0000E7   192 _ISP_CONTR	=	0x00e7
                           0000E8   193 _P4	=	0x00e8
                                    194 ;--------------------------------------------------------
                                    195 ; special function bits
                                    196 ;--------------------------------------------------------
                                    197 	.area RSEG    (ABS,DATA)
      000000                        198 	.org 0x0000
                           000080   199 _P0_0	=	0x0080
                           000081   200 _P0_1	=	0x0081
                           000082   201 _P0_2	=	0x0082
                           000083   202 _P0_3	=	0x0083
                           000084   203 _P0_4	=	0x0084
                           000085   204 _P0_5	=	0x0085
                           000086   205 _P0_6	=	0x0086
                           000087   206 _P0_7	=	0x0087
                           000088   207 _IT0	=	0x0088
                           000089   208 _IE0	=	0x0089
                           00008A   209 _IT1	=	0x008a
                           00008B   210 _IE1	=	0x008b
                           00008C   211 _TR0	=	0x008c
                           00008D   212 _TF0	=	0x008d
                           00008E   213 _TR1	=	0x008e
                           00008F   214 _TF1	=	0x008f
                           000090   215 _P1_0	=	0x0090
                           000091   216 _P1_1	=	0x0091
                           000092   217 _P1_2	=	0x0092
                           000093   218 _P1_3	=	0x0093
                           000094   219 _P1_4	=	0x0094
                           000095   220 _P1_5	=	0x0095
                           000096   221 _P1_6	=	0x0096
                           000097   222 _P1_7	=	0x0097
                           000098   223 _RI	=	0x0098
                           000099   224 _TI	=	0x0099
                           00009A   225 _RB8	=	0x009a
                           00009B   226 _TB8	=	0x009b
                           00009C   227 _REN	=	0x009c
                           00009D   228 _SM2	=	0x009d
                           00009E   229 _SM1	=	0x009e
                           00009F   230 _SM0	=	0x009f
                           0000A0   231 _P2_0	=	0x00a0
                           0000A1   232 _P2_1	=	0x00a1
                           0000A2   233 _P2_2	=	0x00a2
                           0000A3   234 _P2_3	=	0x00a3
                           0000A4   235 _P2_4	=	0x00a4
                           0000A5   236 _P2_5	=	0x00a5
                           0000A6   237 _P2_6	=	0x00a6
                           0000A7   238 _P2_7	=	0x00a7
                           0000A8   239 _EX0	=	0x00a8
                           0000A9   240 _ET0	=	0x00a9
                           0000AA   241 _EX1	=	0x00aa
                           0000AB   242 _ET1	=	0x00ab
                           0000AC   243 _ES	=	0x00ac
                           0000AF   244 _EA	=	0x00af
                           0000B0   245 _P3_0	=	0x00b0
                           0000B1   246 _P3_1	=	0x00b1
                           0000B2   247 _P3_2	=	0x00b2
                           0000B3   248 _P3_3	=	0x00b3
                           0000B4   249 _P3_4	=	0x00b4
                           0000B5   250 _P3_5	=	0x00b5
                           0000B6   251 _P3_6	=	0x00b6
                           0000B7   252 _P3_7	=	0x00b7
                           0000B0   253 _RXD	=	0x00b0
                           0000B1   254 _TXD	=	0x00b1
                           0000B2   255 _INT0	=	0x00b2
                           0000B3   256 _INT1	=	0x00b3
                           0000B4   257 _T0	=	0x00b4
                           0000B5   258 _T1	=	0x00b5
                           0000B6   259 _WR	=	0x00b6
                           0000B7   260 _RD	=	0x00b7
                           0000B8   261 _PX0	=	0x00b8
                           0000B9   262 _PT0	=	0x00b9
                           0000BA   263 _PX1	=	0x00ba
                           0000BB   264 _PT1	=	0x00bb
                           0000BC   265 _PS	=	0x00bc
                           0000D0   266 _P	=	0x00d0
                           0000D1   267 _F1	=	0x00d1
                           0000D2   268 _OV	=	0x00d2
                           0000D3   269 _RS0	=	0x00d3
                           0000D4   270 _RS1	=	0x00d4
                           0000D5   271 _F0	=	0x00d5
                           0000D6   272 _AC	=	0x00d6
                           0000D7   273 _CY	=	0x00d7
                           0000C0   274 _IT2	=	0x00c0
                           0000C1   275 _IE2	=	0x00c1
                           0000C2   276 _EX2	=	0x00c2
                           0000C3   277 _PX2	=	0x00c3
                           0000C4   278 _IT3	=	0x00c4
                           0000C5   279 _IE3	=	0x00c5
                           0000C6   280 _EX3	=	0x00c6
                           0000C7   281 _PX3	=	0x00c7
                           0000EB   282 _P4_3	=	0x00eb
                           0000EA   283 _P4_2	=	0x00ea
                           0000E9   284 _P4_1	=	0x00e9
                           0000E8   285 _P4_0	=	0x00e8
                           0000C8   286 _CPRL2	=	0x00c8
                           0000C9   287 _CT2	=	0x00c9
                           0000CA   288 _TR2	=	0x00ca
                           0000CB   289 _EXEN2	=	0x00cb
                           0000CC   290 _TCLK	=	0x00cc
                           0000CD   291 _RCLK	=	0x00cd
                           0000CE   292 _EXF2	=	0x00ce
                           0000CF   293 _TF2	=	0x00cf
                                    294 ;--------------------------------------------------------
                                    295 ; overlayable register banks
                                    296 ;--------------------------------------------------------
                                    297 	.area REG_BANK_0	(REL,OVR,DATA)
      000000                        298 	.ds 8
                                    299 ;--------------------------------------------------------
                                    300 ; internal ram data
                                    301 ;--------------------------------------------------------
                                    302 	.area DSEG    (DATA)
                                    303 ;--------------------------------------------------------
                                    304 ; overlayable items in internal ram 
                                    305 ;--------------------------------------------------------
                                    306 	.area	OSEG    (OVR,DATA)
                                    307 	.area	OSEG    (OVR,DATA)
                                    308 ;--------------------------------------------------------
                                    309 ; indirectly addressable internal ram data
                                    310 ;--------------------------------------------------------
                                    311 	.area ISEG    (DATA)
                                    312 ;--------------------------------------------------------
                                    313 ; absolute internal ram data
                                    314 ;--------------------------------------------------------
                                    315 	.area IABS    (ABS,DATA)
                                    316 	.area IABS    (ABS,DATA)
                                    317 ;--------------------------------------------------------
                                    318 ; bit data
                                    319 ;--------------------------------------------------------
                                    320 	.area BSEG    (BIT)
                                    321 ;--------------------------------------------------------
                                    322 ; paged external ram data
                                    323 ;--------------------------------------------------------
                                    324 	.area PSEG    (PAG,XDATA)
                                    325 ;--------------------------------------------------------
                                    326 ; external ram data
                                    327 ;--------------------------------------------------------
                                    328 	.area XSEG    (XDATA)
                                    329 ;--------------------------------------------------------
                                    330 ; absolute external ram data
                                    331 ;--------------------------------------------------------
                                    332 	.area XABS    (ABS,XDATA)
                                    333 ;--------------------------------------------------------
                                    334 ; external initialized ram data
                                    335 ;--------------------------------------------------------
                                    336 	.area XISEG   (XDATA)
                                    337 	.area HOME    (CODE)
                                    338 	.area GSINIT0 (CODE)
                                    339 	.area GSINIT1 (CODE)
                                    340 	.area GSINIT2 (CODE)
                                    341 	.area GSINIT3 (CODE)
                                    342 	.area GSINIT4 (CODE)
                                    343 	.area GSINIT5 (CODE)
                                    344 	.area GSINIT  (CODE)
                                    345 	.area GSFINAL (CODE)
                                    346 	.area CSEG    (CODE)
                                    347 ;--------------------------------------------------------
                                    348 ; global & static initialisations
                                    349 ;--------------------------------------------------------
                                    350 	.area HOME    (CODE)
                                    351 	.area GSINIT  (CODE)
                                    352 	.area GSFINAL (CODE)
                                    353 	.area GSINIT  (CODE)
                                    354 ;--------------------------------------------------------
                                    355 ; Home
                                    356 ;--------------------------------------------------------
                                    357 	.area HOME    (CODE)
                                    358 	.area HOME    (CODE)
                                    359 ;--------------------------------------------------------
                                    360 ; code
                                    361 ;--------------------------------------------------------
                                    362 	.area CSEG    (CODE)
                                    363 ;------------------------------------------------------------
                                    364 ;Allocation info for local variables in function 'MEM_cmd_Ale'
                                    365 ;------------------------------------------------------------
                                    366 ;a                         Allocated to registers r7 
                                    367 ;------------------------------------------------------------
                                    368 ;	../src/mem.c:23: void MEM_cmd_Ale(Action a)
                                    369 ;	-----------------------------------------
                                    370 ;	 function MEM_cmd_Ale
                                    371 ;	-----------------------------------------
      000000                        372 _MEM_cmd_Ale:
                           000007   373 	ar7 = 0x07
                           000006   374 	ar6 = 0x06
                           000005   375 	ar5 = 0x05
                           000004   376 	ar4 = 0x04
                           000003   377 	ar3 = 0x03
                           000002   378 	ar2 = 0x02
                           000001   379 	ar1 = 0x01
                           000000   380 	ar0 = 0x00
      000000 AF 82            [24]  381 	mov	r7,dpl
                                    382 ;	../src/mem.c:25: AUXR = (AUXR & 0xFE) | a;
      000002 74 FE            [12]  383 	mov	a,#0xFE
      000004 55 8E            [12]  384 	anl	a,_AUXR
      000006 4F               [12]  385 	orl	a,r7
      000007 F5 8E            [12]  386 	mov	_AUXR,a
      000009 22               [24]  387 	ret
                                    388 ;------------------------------------------------------------
                                    389 ;Allocation info for local variables in function 'MEM_cmd_internalExtendedRam'
                                    390 ;------------------------------------------------------------
                                    391 ;a                         Allocated to registers r7 
                                    392 ;------------------------------------------------------------
                                    393 ;	../src/mem.c:37: void MEM_cmd_internalExtendedRam(Action a)
                                    394 ;	-----------------------------------------
                                    395 ;	 function MEM_cmd_internalExtendedRam
                                    396 ;	-----------------------------------------
      00000A                        397 _MEM_cmd_internalExtendedRam:
      00000A AF 82            [24]  398 	mov	r7,dpl
                                    399 ;	../src/mem.c:39: AUXR = (AUXR & 0xFD) | ((~a) << 0x1);
      00000C 74 FD            [12]  400 	mov	a,#0xFD
      00000E 55 8E            [12]  401 	anl	a,_AUXR
      000010 FE               [12]  402 	mov	r6,a
      000011 EF               [12]  403 	mov	a,r7
      000012 F4               [12]  404 	cpl	a
      000013 25 E0            [12]  405 	add	a,acc
      000015 4E               [12]  406 	orl	a,r6
      000016 F5 8E            [12]  407 	mov	_AUXR,a
      000018 22               [24]  408 	ret
                                    409 	.area CSEG    (CODE)
                                    410 	.area CONST   (CODE)
                                    411 	.area XINIT   (CODE)
                                    412 	.area CABS    (ABS,CODE)
