                                      1 ;--------------------------------------------------------
                                      2 ; File Created by SDCC : free open source ANSI-C Compiler
                                      3 ; Version 3.5.0 #9253 (Apr  3 2018) (Linux)
                                      4 ; This file was generated Wed Jul 18 12:39:08 2018
                                      5 ;--------------------------------------------------------
                                      6 	.module wdt
                                      7 	.optsdcc -mmcs51 --model-small
                                      8 	
                                      9 ;--------------------------------------------------------
                                     10 ; Public variables in this module
                                     11 ;--------------------------------------------------------
                                     12 	.globl _TF2
                                     13 	.globl _EXF2
                                     14 	.globl _RCLK
                                     15 	.globl _TCLK
                                     16 	.globl _EXEN2
                                     17 	.globl _TR2
                                     18 	.globl _CT2
                                     19 	.globl _CPRL2
                                     20 	.globl _P4_0
                                     21 	.globl _P4_1
                                     22 	.globl _P4_2
                                     23 	.globl _P4_3
                                     24 	.globl _PX3
                                     25 	.globl _EX3
                                     26 	.globl _IE3
                                     27 	.globl _IT3
                                     28 	.globl _PX2
                                     29 	.globl _EX2
                                     30 	.globl _IE2
                                     31 	.globl _IT2
                                     32 	.globl _CY
                                     33 	.globl _AC
                                     34 	.globl _F0
                                     35 	.globl _RS1
                                     36 	.globl _RS0
                                     37 	.globl _OV
                                     38 	.globl _F1
                                     39 	.globl _P
                                     40 	.globl _PS
                                     41 	.globl _PT1
                                     42 	.globl _PX1
                                     43 	.globl _PT0
                                     44 	.globl _PX0
                                     45 	.globl _RD
                                     46 	.globl _WR
                                     47 	.globl _T1
                                     48 	.globl _T0
                                     49 	.globl _INT1
                                     50 	.globl _INT0
                                     51 	.globl _TXD
                                     52 	.globl _RXD
                                     53 	.globl _P3_7
                                     54 	.globl _P3_6
                                     55 	.globl _P3_5
                                     56 	.globl _P3_4
                                     57 	.globl _P3_3
                                     58 	.globl _P3_2
                                     59 	.globl _P3_1
                                     60 	.globl _P3_0
                                     61 	.globl _EA
                                     62 	.globl _ES
                                     63 	.globl _ET1
                                     64 	.globl _EX1
                                     65 	.globl _ET0
                                     66 	.globl _EX0
                                     67 	.globl _P2_7
                                     68 	.globl _P2_6
                                     69 	.globl _P2_5
                                     70 	.globl _P2_4
                                     71 	.globl _P2_3
                                     72 	.globl _P2_2
                                     73 	.globl _P2_1
                                     74 	.globl _P2_0
                                     75 	.globl _SM0
                                     76 	.globl _SM1
                                     77 	.globl _SM2
                                     78 	.globl _REN
                                     79 	.globl _TB8
                                     80 	.globl _RB8
                                     81 	.globl _TI
                                     82 	.globl _RI
                                     83 	.globl _P1_7
                                     84 	.globl _P1_6
                                     85 	.globl _P1_5
                                     86 	.globl _P1_4
                                     87 	.globl _P1_3
                                     88 	.globl _P1_2
                                     89 	.globl _P1_1
                                     90 	.globl _P1_0
                                     91 	.globl _TF1
                                     92 	.globl _TR1
                                     93 	.globl _TF0
                                     94 	.globl _TR0
                                     95 	.globl _IE1
                                     96 	.globl _IT1
                                     97 	.globl _IE0
                                     98 	.globl _IT0
                                     99 	.globl _P0_7
                                    100 	.globl _P0_6
                                    101 	.globl _P0_5
                                    102 	.globl _P0_4
                                    103 	.globl _P0_3
                                    104 	.globl _P0_2
                                    105 	.globl _P0_1
                                    106 	.globl _P0_0
                                    107 	.globl _P4
                                    108 	.globl _ISP_CONTR
                                    109 	.globl _ISP_TRIG
                                    110 	.globl _ISP_CMD
                                    111 	.globl _ISP_ADDRL
                                    112 	.globl _ISP_ADDRH
                                    113 	.globl _ISP_DATA
                                    114 	.globl _WDT_CONTR
                                    115 	.globl _TH2
                                    116 	.globl _TL2
                                    117 	.globl _RCAP2H
                                    118 	.globl _RCAP2L
                                    119 	.globl _T2MOD
                                    120 	.globl _T2CON
                                    121 	.globl _XICON
                                    122 	.globl _IPH
                                    123 	.globl _SADDR1
                                    124 	.globl _AUXR1
                                    125 	.globl _AUXR
                                    126 	.globl _B
                                    127 	.globl _ACC
                                    128 	.globl _PSW
                                    129 	.globl _IP
                                    130 	.globl _P3
                                    131 	.globl _IE
                                    132 	.globl _P2
                                    133 	.globl _SBUF
                                    134 	.globl _SCON
                                    135 	.globl _P1
                                    136 	.globl _TH1
                                    137 	.globl _TH0
                                    138 	.globl _TL1
                                    139 	.globl _TL0
                                    140 	.globl _TMOD
                                    141 	.globl _TCON
                                    142 	.globl _PCON
                                    143 	.globl _DPH
                                    144 	.globl _DPL
                                    145 	.globl _SP
                                    146 	.globl _P0
                                    147 	.globl _WDT_clear
                                    148 	.globl _WDT_cmd
                                    149 	.globl _WDT_cmd_idleCount
                                    150 	.globl _WDT_setPrescale
                                    151 ;--------------------------------------------------------
                                    152 ; special function registers
                                    153 ;--------------------------------------------------------
                                    154 	.area RSEG    (ABS,DATA)
      000000                        155 	.org 0x0000
                           000080   156 _P0	=	0x0080
                           000081   157 _SP	=	0x0081
                           000082   158 _DPL	=	0x0082
                           000083   159 _DPH	=	0x0083
                           000087   160 _PCON	=	0x0087
                           000088   161 _TCON	=	0x0088
                           000089   162 _TMOD	=	0x0089
                           00008A   163 _TL0	=	0x008a
                           00008B   164 _TL1	=	0x008b
                           00008C   165 _TH0	=	0x008c
                           00008D   166 _TH1	=	0x008d
                           000090   167 _P1	=	0x0090
                           000098   168 _SCON	=	0x0098
                           000099   169 _SBUF	=	0x0099
                           0000A0   170 _P2	=	0x00a0
                           0000A8   171 _IE	=	0x00a8
                           0000B0   172 _P3	=	0x00b0
                           0000B8   173 _IP	=	0x00b8
                           0000D0   174 _PSW	=	0x00d0
                           0000E0   175 _ACC	=	0x00e0
                           0000F0   176 _B	=	0x00f0
                           00008E   177 _AUXR	=	0x008e
                           0000A2   178 _AUXR1	=	0x00a2
                           0000A9   179 _SADDR1	=	0x00a9
                           0000B7   180 _IPH	=	0x00b7
                           0000C0   181 _XICON	=	0x00c0
                           0000C8   182 _T2CON	=	0x00c8
                           0000C9   183 _T2MOD	=	0x00c9
                           0000CA   184 _RCAP2L	=	0x00ca
                           0000CB   185 _RCAP2H	=	0x00cb
                           0000CC   186 _TL2	=	0x00cc
                           0000CD   187 _TH2	=	0x00cd
                           0000E1   188 _WDT_CONTR	=	0x00e1
                           0000E2   189 _ISP_DATA	=	0x00e2
                           0000E3   190 _ISP_ADDRH	=	0x00e3
                           0000E4   191 _ISP_ADDRL	=	0x00e4
                           0000E5   192 _ISP_CMD	=	0x00e5
                           0000E6   193 _ISP_TRIG	=	0x00e6
                           0000E7   194 _ISP_CONTR	=	0x00e7
                           0000E8   195 _P4	=	0x00e8
                                    196 ;--------------------------------------------------------
                                    197 ; special function bits
                                    198 ;--------------------------------------------------------
                                    199 	.area RSEG    (ABS,DATA)
      000000                        200 	.org 0x0000
                           000080   201 _P0_0	=	0x0080
                           000081   202 _P0_1	=	0x0081
                           000082   203 _P0_2	=	0x0082
                           000083   204 _P0_3	=	0x0083
                           000084   205 _P0_4	=	0x0084
                           000085   206 _P0_5	=	0x0085
                           000086   207 _P0_6	=	0x0086
                           000087   208 _P0_7	=	0x0087
                           000088   209 _IT0	=	0x0088
                           000089   210 _IE0	=	0x0089
                           00008A   211 _IT1	=	0x008a
                           00008B   212 _IE1	=	0x008b
                           00008C   213 _TR0	=	0x008c
                           00008D   214 _TF0	=	0x008d
                           00008E   215 _TR1	=	0x008e
                           00008F   216 _TF1	=	0x008f
                           000090   217 _P1_0	=	0x0090
                           000091   218 _P1_1	=	0x0091
                           000092   219 _P1_2	=	0x0092
                           000093   220 _P1_3	=	0x0093
                           000094   221 _P1_4	=	0x0094
                           000095   222 _P1_5	=	0x0095
                           000096   223 _P1_6	=	0x0096
                           000097   224 _P1_7	=	0x0097
                           000098   225 _RI	=	0x0098
                           000099   226 _TI	=	0x0099
                           00009A   227 _RB8	=	0x009a
                           00009B   228 _TB8	=	0x009b
                           00009C   229 _REN	=	0x009c
                           00009D   230 _SM2	=	0x009d
                           00009E   231 _SM1	=	0x009e
                           00009F   232 _SM0	=	0x009f
                           0000A0   233 _P2_0	=	0x00a0
                           0000A1   234 _P2_1	=	0x00a1
                           0000A2   235 _P2_2	=	0x00a2
                           0000A3   236 _P2_3	=	0x00a3
                           0000A4   237 _P2_4	=	0x00a4
                           0000A5   238 _P2_5	=	0x00a5
                           0000A6   239 _P2_6	=	0x00a6
                           0000A7   240 _P2_7	=	0x00a7
                           0000A8   241 _EX0	=	0x00a8
                           0000A9   242 _ET0	=	0x00a9
                           0000AA   243 _EX1	=	0x00aa
                           0000AB   244 _ET1	=	0x00ab
                           0000AC   245 _ES	=	0x00ac
                           0000AF   246 _EA	=	0x00af
                           0000B0   247 _P3_0	=	0x00b0
                           0000B1   248 _P3_1	=	0x00b1
                           0000B2   249 _P3_2	=	0x00b2
                           0000B3   250 _P3_3	=	0x00b3
                           0000B4   251 _P3_4	=	0x00b4
                           0000B5   252 _P3_5	=	0x00b5
                           0000B6   253 _P3_6	=	0x00b6
                           0000B7   254 _P3_7	=	0x00b7
                           0000B0   255 _RXD	=	0x00b0
                           0000B1   256 _TXD	=	0x00b1
                           0000B2   257 _INT0	=	0x00b2
                           0000B3   258 _INT1	=	0x00b3
                           0000B4   259 _T0	=	0x00b4
                           0000B5   260 _T1	=	0x00b5
                           0000B6   261 _WR	=	0x00b6
                           0000B7   262 _RD	=	0x00b7
                           0000B8   263 _PX0	=	0x00b8
                           0000B9   264 _PT0	=	0x00b9
                           0000BA   265 _PX1	=	0x00ba
                           0000BB   266 _PT1	=	0x00bb
                           0000BC   267 _PS	=	0x00bc
                           0000D0   268 _P	=	0x00d0
                           0000D1   269 _F1	=	0x00d1
                           0000D2   270 _OV	=	0x00d2
                           0000D3   271 _RS0	=	0x00d3
                           0000D4   272 _RS1	=	0x00d4
                           0000D5   273 _F0	=	0x00d5
                           0000D6   274 _AC	=	0x00d6
                           0000D7   275 _CY	=	0x00d7
                           0000C0   276 _IT2	=	0x00c0
                           0000C1   277 _IE2	=	0x00c1
                           0000C2   278 _EX2	=	0x00c2
                           0000C3   279 _PX2	=	0x00c3
                           0000C4   280 _IT3	=	0x00c4
                           0000C5   281 _IE3	=	0x00c5
                           0000C6   282 _EX3	=	0x00c6
                           0000C7   283 _PX3	=	0x00c7
                           0000EB   284 _P4_3	=	0x00eb
                           0000EA   285 _P4_2	=	0x00ea
                           0000E9   286 _P4_1	=	0x00e9
                           0000E8   287 _P4_0	=	0x00e8
                           0000C8   288 _CPRL2	=	0x00c8
                           0000C9   289 _CT2	=	0x00c9
                           0000CA   290 _TR2	=	0x00ca
                           0000CB   291 _EXEN2	=	0x00cb
                           0000CC   292 _TCLK	=	0x00cc
                           0000CD   293 _RCLK	=	0x00cd
                           0000CE   294 _EXF2	=	0x00ce
                           0000CF   295 _TF2	=	0x00cf
                                    296 ;--------------------------------------------------------
                                    297 ; overlayable register banks
                                    298 ;--------------------------------------------------------
                                    299 	.area REG_BANK_0	(REL,OVR,DATA)
      000000                        300 	.ds 8
                                    301 ;--------------------------------------------------------
                                    302 ; internal ram data
                                    303 ;--------------------------------------------------------
                                    304 	.area DSEG    (DATA)
                                    305 ;--------------------------------------------------------
                                    306 ; overlayable items in internal ram 
                                    307 ;--------------------------------------------------------
                                    308 	.area	OSEG    (OVR,DATA)
                                    309 	.area	OSEG    (OVR,DATA)
                                    310 	.area	OSEG    (OVR,DATA)
                                    311 ;--------------------------------------------------------
                                    312 ; indirectly addressable internal ram data
                                    313 ;--------------------------------------------------------
                                    314 	.area ISEG    (DATA)
                                    315 ;--------------------------------------------------------
                                    316 ; absolute internal ram data
                                    317 ;--------------------------------------------------------
                                    318 	.area IABS    (ABS,DATA)
                                    319 	.area IABS    (ABS,DATA)
                                    320 ;--------------------------------------------------------
                                    321 ; bit data
                                    322 ;--------------------------------------------------------
                                    323 	.area BSEG    (BIT)
                                    324 ;--------------------------------------------------------
                                    325 ; paged external ram data
                                    326 ;--------------------------------------------------------
                                    327 	.area PSEG    (PAG,XDATA)
                                    328 ;--------------------------------------------------------
                                    329 ; external ram data
                                    330 ;--------------------------------------------------------
                                    331 	.area XSEG    (XDATA)
                                    332 ;--------------------------------------------------------
                                    333 ; absolute external ram data
                                    334 ;--------------------------------------------------------
                                    335 	.area XABS    (ABS,XDATA)
                                    336 ;--------------------------------------------------------
                                    337 ; external initialized ram data
                                    338 ;--------------------------------------------------------
                                    339 	.area XISEG   (XDATA)
                                    340 	.area HOME    (CODE)
                                    341 	.area GSINIT0 (CODE)
                                    342 	.area GSINIT1 (CODE)
                                    343 	.area GSINIT2 (CODE)
                                    344 	.area GSINIT3 (CODE)
                                    345 	.area GSINIT4 (CODE)
                                    346 	.area GSINIT5 (CODE)
                                    347 	.area GSINIT  (CODE)
                                    348 	.area GSFINAL (CODE)
                                    349 	.area CSEG    (CODE)
                                    350 ;--------------------------------------------------------
                                    351 ; global & static initialisations
                                    352 ;--------------------------------------------------------
                                    353 	.area HOME    (CODE)
                                    354 	.area GSINIT  (CODE)
                                    355 	.area GSFINAL (CODE)
                                    356 	.area GSINIT  (CODE)
                                    357 ;--------------------------------------------------------
                                    358 ; Home
                                    359 ;--------------------------------------------------------
                                    360 	.area HOME    (CODE)
                                    361 	.area HOME    (CODE)
                                    362 ;--------------------------------------------------------
                                    363 ; code
                                    364 ;--------------------------------------------------------
                                    365 	.area CSEG    (CODE)
                                    366 ;------------------------------------------------------------
                                    367 ;Allocation info for local variables in function 'WDT_clear'
                                    368 ;------------------------------------------------------------
                                    369 ;	../src/wdt.c:19: void WDT_clear(void)
                                    370 ;	-----------------------------------------
                                    371 ;	 function WDT_clear
                                    372 ;	-----------------------------------------
      000000                        373 _WDT_clear:
                           000007   374 	ar7 = 0x07
                           000006   375 	ar6 = 0x06
                           000005   376 	ar5 = 0x05
                           000004   377 	ar4 = 0x04
                           000003   378 	ar3 = 0x03
                           000002   379 	ar2 = 0x02
                           000001   380 	ar1 = 0x01
                           000000   381 	ar0 = 0x00
                                    382 ;	../src/wdt.c:21: WDT_CONTR = WDT_CONTR | 0x10;
      000000 43 E1 10         [24]  383 	orl	_WDT_CONTR,#0x10
      000003 22               [24]  384 	ret
                                    385 ;------------------------------------------------------------
                                    386 ;Allocation info for local variables in function 'WDT_cmd'
                                    387 ;------------------------------------------------------------
                                    388 ;a                         Allocated to registers r7 
                                    389 ;------------------------------------------------------------
                                    390 ;	../src/wdt.c:30: void WDT_cmd(Action a)
                                    391 ;	-----------------------------------------
                                    392 ;	 function WDT_cmd
                                    393 ;	-----------------------------------------
      000004                        394 _WDT_cmd:
      000004 AF 82            [24]  395 	mov	r7,dpl
                                    396 ;	../src/wdt.c:32: WDT_CONTR = (WDT_CONTR & 0xDF) | (a << 0x5);
      000006 74 DF            [12]  397 	mov	a,#0xDF
      000008 55 E1            [12]  398 	anl	a,_WDT_CONTR
      00000A FE               [12]  399 	mov	r6,a
      00000B EF               [12]  400 	mov	a,r7
      00000C C4               [12]  401 	swap	a
      00000D 23               [12]  402 	rl	a
      00000E 54 E0            [12]  403 	anl	a,#0xE0
      000010 4E               [12]  404 	orl	a,r6
      000011 F5 E1            [12]  405 	mov	_WDT_CONTR,a
      000013 22               [24]  406 	ret
                                    407 ;------------------------------------------------------------
                                    408 ;Allocation info for local variables in function 'WDT_cmd_idleCount'
                                    409 ;------------------------------------------------------------
                                    410 ;a                         Allocated to registers r7 
                                    411 ;------------------------------------------------------------
                                    412 ;	../src/wdt.c:41: void WDT_cmd_idleCount(Action a)
                                    413 ;	-----------------------------------------
                                    414 ;	 function WDT_cmd_idleCount
                                    415 ;	-----------------------------------------
      000014                        416 _WDT_cmd_idleCount:
      000014 AF 82            [24]  417 	mov	r7,dpl
                                    418 ;	../src/wdt.c:43: WDT_CONTR = (WDT_CONTR & 0xF7) | (a << 0x3);
      000016 74 F7            [12]  419 	mov	a,#0xF7
      000018 55 E1            [12]  420 	anl	a,_WDT_CONTR
      00001A FE               [12]  421 	mov	r6,a
      00001B EF               [12]  422 	mov	a,r7
      00001C C4               [12]  423 	swap	a
      00001D 03               [12]  424 	rr	a
      00001E 54 F8            [12]  425 	anl	a,#0xF8
      000020 4E               [12]  426 	orl	a,r6
      000021 F5 E1            [12]  427 	mov	_WDT_CONTR,a
      000023 22               [24]  428 	ret
                                    429 ;------------------------------------------------------------
                                    430 ;Allocation info for local variables in function 'WDT_setPrescale'
                                    431 ;------------------------------------------------------------
                                    432 ;pre                       Allocated to registers r7 
                                    433 ;------------------------------------------------------------
                                    434 ;	../src/wdt.c:52: void WDT_setPrescale(WDT_Prescale pre)
                                    435 ;	-----------------------------------------
                                    436 ;	 function WDT_setPrescale
                                    437 ;	-----------------------------------------
      000024                        438 _WDT_setPrescale:
      000024 AF 82            [24]  439 	mov	r7,dpl
                                    440 ;	../src/wdt.c:54: WDT_CONTR = (WDT_CONTR & 0xF8) | pre;
      000026 74 F8            [12]  441 	mov	a,#0xF8
      000028 55 E1            [12]  442 	anl	a,_WDT_CONTR
      00002A 4F               [12]  443 	orl	a,r7
      00002B F5 E1            [12]  444 	mov	_WDT_CONTR,a
      00002D 22               [24]  445 	ret
                                    446 	.area CSEG    (CODE)
                                    447 	.area CONST   (CODE)
                                    448 	.area XINIT   (CODE)
                                    449 	.area CABS    (ABS,CODE)
